d:\supercomp\individual41\individual41\x64\debug\vc141.pdb
d:\supercomp\individual41\individual41\x64\debug\vc141.idb
d:\supercomp\individual41\individual41\x64\debug\upper_triangular_matrix.obj
d:\supercomp\individual41\individual41\x64\debug\symmertic_matrix.obj
d:\supercomp\individual41\individual41\x64\debug\matrix_multiplication.obj
d:\supercomp\individual41\individual41\x64\debug\matrix_generation.obj
d:\supercomp\individual41\individual41\x64\debug\main.obj
d:\supercomp\individual41\x64\debug\individual41.exe
d:\supercomp\individual41\x64\debug\individual41.ilk
d:\supercomp\individual41\x64\debug\individual41.pdb
d:\supercomp\individual41\individual41\x64\debug\symmertic_matrix.obj.enc
d:\supercomp\individual41\individual41\x64\debug\upper_triangular_matrix.obj.enc
d:\supercomp\individual41\individual41\x64\debug\individual41.ilk
d:\supercomp\individual41\individual41\x64\debug\individual41.pdb
d:\supercomp\individual41\individual41\x64\debug\individual41.tlog\cl.command.1.tlog
d:\supercomp\individual41\individual41\x64\debug\individual41.tlog\cl.read.1.tlog
d:\supercomp\individual41\individual41\x64\debug\individual41.tlog\cl.write.1.tlog
d:\supercomp\individual41\individual41\x64\debug\individual41.tlog\link.command.1.tlog
d:\supercomp\individual41\individual41\x64\debug\individual41.tlog\link.read.1.tlog
d:\supercomp\individual41\individual41\x64\debug\individual41.tlog\link.write.1.tlog
