c:\users\dmitry\source\repos\individual41\individual41\debug\vc141.pdb
c:\users\dmitry\source\repos\individual41\individual41\debug\vc141.idb
c:\users\dmitry\source\repos\individual41\individual41\debug\upper_triangular_matrix.obj
c:\users\dmitry\source\repos\individual41\individual41\debug\symmertic_matrix.obj
c:\users\dmitry\source\repos\individual41\individual41\debug\main.obj
c:\users\dmitry\source\repos\individual41\individual41\debug\matrix_generation.obj
c:\users\dmitry\source\repos\individual41\individual41\debug\matrix_multiplication.obj
c:\users\dmitry\source\repos\individual41\debug\individual41.pdb
c:\users\dmitry\source\repos\individual41\individual41\debug\individual41.tlog\cl.command.1.tlog
c:\users\dmitry\source\repos\individual41\individual41\debug\individual41.tlog\cl.read.1.tlog
c:\users\dmitry\source\repos\individual41\individual41\debug\individual41.tlog\cl.write.1.tlog
c:\users\dmitry\source\repos\individual41\individual41\debug\individual41.tlog\link-cvtres.read.1.tlog
c:\users\dmitry\source\repos\individual41\individual41\debug\individual41.tlog\link-cvtres.write.1.tlog
c:\users\dmitry\source\repos\individual41\individual41\debug\individual41.tlog\link-rc.read.1.tlog
c:\users\dmitry\source\repos\individual41\individual41\debug\individual41.tlog\link-rc.write.1.tlog
c:\users\dmitry\source\repos\individual41\individual41\debug\individual41.tlog\link.6208-cvtres.read.1.tlog
c:\users\dmitry\source\repos\individual41\individual41\debug\individual41.tlog\link.6208-cvtres.write.1.tlog
c:\users\dmitry\source\repos\individual41\individual41\debug\individual41.tlog\link.6208-rc.read.1.tlog
c:\users\dmitry\source\repos\individual41\individual41\debug\individual41.tlog\link.6208-rc.write.1.tlog
c:\users\dmitry\source\repos\individual41\individual41\debug\individual41.tlog\link.6208.read.1.tlog
c:\users\dmitry\source\repos\individual41\individual41\debug\individual41.tlog\link.6208.write.1.tlog
c:\users\dmitry\source\repos\individual41\individual41\debug\individual41.tlog\link.command.1.tlog
c:\users\dmitry\source\repos\individual41\individual41\debug\individual41.tlog\link.read.1.tlog
c:\users\dmitry\source\repos\individual41\individual41\debug\individual41.tlog\link.write.1.tlog
